0 info it worked if it ends with ok
1 verbose cli [ '/Users/itaylor/.nvm/versions/node/v6.10.3/bin/node',
1 verbose cli   '/Users/itaylor/.nvm/versions/node/v6.10.3/bin/npm',
1 verbose cli   'run',
1 verbose cli   'test' ]
2 info using npm@3.10.10
3 info using node@v6.10.3
4 verbose run-script [ 'pretest', 'test', 'posttest' ]
5 info lifecycle socket.io-promise@1.0.0~pretest: socket.io-promise@1.0.0
6 verbose lifecycle socket.io-promise@1.0.0~pretest: unsafe-perm in lifecycle true
7 verbose lifecycle socket.io-promise@1.0.0~pretest: PATH: /Users/itaylor/.nvm/versions/node/v6.10.3/lib/node_modules/npm/bin/node-gyp-bin:/Users/itaylor/os/thunk-centric-redux/packages/socket.io-promise/node_modules/.bin:/Users/itaylor/os/thunk-centric-redux/packages/socket.io-promise/node_modules/.bin:/Users/itaylor/os/thunk-centric-redux/packages/node_modules/.bin:/Users/itaylor/os/thunk-centric-redux/node_modules/.bin:/Users/itaylor/os/node_modules/.bin:/Users/itaylor/node_modules/.bin:/Users/node_modules/.bin:/node_modules/.bin:/Users/itaylor/.nvm/versions/node/v6.10.3/bin:/Users/itaylor/Downloads/google-cloud-sdk/bin:/Users/itaylor/.nvm/versions/node/v6.10.3/bin:/Users/itaylor/bin/Sencha/Cmd/5.1.3.61:/usr/local/opt/php53/bin:/usr/local/bin:/usr/local/sbin:/usr/local/mysql/bin:/opt/local/bin:/opt/local/sbin:/Developer/usr/bin:/usr/local/kettle:/usr/local/pear/bin:/usr/local/share/npm/bin:/usr/local/android-sdk-macosx/platform-tools:/usr/local/bin:/usr/bin:/bin:/usr/sbin:/sbin:/usr/local/android-sdk-macosx/platform-tools:/usr/local/android-sdk-macosx/build-tools:
8 verbose lifecycle socket.io-promise@1.0.0~pretest: CWD: /Users/itaylor/os/thunk-centric-redux/packages/socket.io-promise
9 silly lifecycle socket.io-promise@1.0.0~pretest: Args: [ '-c', 'yarn run build' ]
10 silly lifecycle socket.io-promise@1.0.0~pretest: Returned: code: 1  signal: null
11 info lifecycle socket.io-promise@1.0.0~pretest: Failed to exec pretest script
12 verbose stack Error: socket.io-promise@1.0.0 pretest: `yarn run build`
12 verbose stack Exit status 1
12 verbose stack     at EventEmitter.<anonymous> (/Users/itaylor/.nvm/versions/node/v6.10.3/lib/node_modules/npm/lib/utils/lifecycle.js:255:16)
12 verbose stack     at emitTwo (events.js:106:13)
12 verbose stack     at EventEmitter.emit (events.js:191:7)
12 verbose stack     at ChildProcess.<anonymous> (/Users/itaylor/.nvm/versions/node/v6.10.3/lib/node_modules/npm/lib/utils/spawn.js:40:14)
12 verbose stack     at emitTwo (events.js:106:13)
12 verbose stack     at ChildProcess.emit (events.js:191:7)
12 verbose stack     at maybeClose (internal/child_process.js:886:16)
12 verbose stack     at Process.ChildProcess._handle.onexit (internal/child_process.js:226:5)
13 verbose pkgid socket.io-promise@1.0.0
14 verbose cwd /Users/itaylor/os/thunk-centric-redux/packages/socket.io-promise
15 error Darwin 17.5.0
16 error argv "/Users/itaylor/.nvm/versions/node/v6.10.3/bin/node" "/Users/itaylor/.nvm/versions/node/v6.10.3/bin/npm" "run" "test"
17 error node v6.10.3
18 error npm  v3.10.10
19 error code ELIFECYCLE
20 error socket.io-promise@1.0.0 pretest: `yarn run build`
20 error Exit status 1
21 error Failed at the socket.io-promise@1.0.0 pretest script 'yarn run build'.
21 error Make sure you have the latest version of node.js and npm installed.
21 error If you do, this is most likely a problem with the socket.io-promise package,
21 error not with npm itself.
21 error Tell the author that this fails on your system:
21 error     yarn run build
21 error You can get information on how to open an issue for this project with:
21 error     npm bugs socket.io-promise
21 error Or if that isn't available, you can get their info via:
21 error     npm owner ls socket.io-promise
21 error There is likely additional logging output above.
22 verbose exit [ 1, true ]
